Analysis & Synthesis report for P4_1
Thu May 13 12:32:59 2021
Quartus II Version 9.1 Build 350 03/24/2010 Service Pack 2 SJ Web Edition


---------------------
; Table of Contents ;
---------------------
  1. Legal Notice
  2. Analysis & Synthesis Summary
  3. Analysis & Synthesis Settings
  4. Parallel Compilation
  5. Analysis & Synthesis Source Files Read
  6. Analysis & Synthesis Resource Usage Summary
  7. Analysis & Synthesis Resource Utilization by Entity
  8. Source assignments for lpm_counter:Cuenta_rtl_0
  9. Parameter Settings for Inferred Entity Instance: lpm_counter:Cuenta_rtl_0
 10. Analysis & Synthesis Messages



----------------
; Legal Notice ;
----------------
Copyright (C) 1991-2010 Altera Corporation
Your use of Altera Corporation's design tools, logic functions 
and other software and tools, and its AMPP partner logic 
functions, and any output files from any of the foregoing 
(including device programming or simulation files), and any 
associated documentation or information are expressly subject 
to the terms and conditions of the Altera Program License 
Subscription Agreement, Altera MegaCore Function License 
Agreement, or other applicable license agreement, including, 
without limitation, that your use is for the sole purpose of 
programming logic devices manufactured by Altera and sold by 
Altera or its authorized distributors.  Please refer to the 
applicable agreement for further details.



+----------------------------------------------------------------------------+
; Analysis & Synthesis Summary                                               ;
+-----------------------------+----------------------------------------------+
; Analysis & Synthesis Status ; Successful - Thu May 13 12:32:59 2021        ;
; Quartus II Version          ; 9.1 Build 350 03/24/2010 SP 2 SJ Web Edition ;
; Revision Name               ; P4_1                                         ;
; Top-level Entity Name       ; P4_1                                         ;
; Family                      ; MAX7000S                                     ;
; Total macrocells            ; 5                                            ;
; Total pins                  ; 9                                            ;
+-----------------------------+----------------------------------------------+


+--------------------------------------------------------------------------------------------------------------+
; Analysis & Synthesis Settings                                                                                ;
+----------------------------------------------------------------------------+-----------------+---------------+
; Option                                                                     ; Setting         ; Default Value ;
+----------------------------------------------------------------------------+-----------------+---------------+
; Device                                                                     ; EPM7064SLC44-10 ;               ;
; Top-level entity name                                                      ; P4_1            ; P4_1          ;
; Family name                                                                ; MAX7000S        ; Stratix II    ;
; Use Generated Physical Constraints File                                    ; Off             ;               ;
; Use smart compilation                                                      ; Off             ; Off           ;
; Enable parallel Assembler and TimeQuest Timing Analyzer during compilation ; On              ; On            ;
; Enable compact report table                                                ; Off             ; Off           ;
; Create Debugging Nodes for IP Cores                                        ; Off             ; Off           ;
; Preserve fewer node names                                                  ; On              ; On            ;
; Disable OpenCore Plus hardware evaluation                                  ; Off             ; Off           ;
; Verilog Version                                                            ; Verilog_2001    ; Verilog_2001  ;
; VHDL Version                                                               ; VHDL_1993       ; VHDL_1993     ;
; State Machine Processing                                                   ; Auto            ; Auto          ;
; Safe State Machine                                                         ; Off             ; Off           ;
; Extract Verilog State Machines                                             ; On              ; On            ;
; Extract VHDL State Machines                                                ; On              ; On            ;
; Ignore Verilog initial constructs                                          ; Off             ; Off           ;
; Iteration limit for constant Verilog loops                                 ; 5000            ; 5000          ;
; Iteration limit for non-constant Verilog loops                             ; 250             ; 250           ;
; Add Pass-Through Logic to Inferred RAMs                                    ; On              ; On            ;
; Parallel Synthesis                                                         ; On              ; On            ;
; NOT Gate Push-Back                                                         ; On              ; On            ;
; Power-Up Don't Care                                                        ; On              ; On            ;
; Remove Duplicate Registers                                                 ; On              ; On            ;
; Ignore CARRY Buffers                                                       ; Off             ; Off           ;
; Ignore CASCADE Buffers                                                     ; Off             ; Off           ;
; Ignore GLOBAL Buffers                                                      ; Off             ; Off           ;
; Ignore ROW GLOBAL Buffers                                                  ; Off             ; Off           ;
; Ignore LCELL Buffers                                                       ; Auto            ; Auto          ;
; Ignore SOFT Buffers                                                        ; Off             ; Off           ;
; Limit AHDL Integers to 32 Bits                                             ; Off             ; Off           ;
; Optimization Technique                                                     ; Speed           ; Speed         ;
; Allow XOR Gate Usage                                                       ; On              ; On            ;
; Auto Logic Cell Insertion                                                  ; On              ; On            ;
; Parallel Expander Chain Length                                             ; 4               ; 4             ;
; Auto Parallel Expanders                                                    ; On              ; On            ;
; Auto Open-Drain Pins                                                       ; On              ; On            ;
; Auto Resource Sharing                                                      ; Off             ; Off           ;
; Maximum Fan-in Per Macrocell                                               ; 100             ; 100           ;
; Use LogicLock Constraints during Resource Balancing                        ; On              ; On            ;
; Ignore translate_off and synthesis_off directives                          ; Off             ; Off           ;
; Show Parameter Settings Tables in Synthesis Report                         ; On              ; On            ;
; HDL message level                                                          ; Level2          ; Level2        ;
; Suppress Register Optimization Related Messages                            ; Off             ; Off           ;
; Number of Removed Registers Reported in Synthesis Report                   ; 5000            ; 5000          ;
; Number of Inverted Registers Reported in Synthesis Report                  ; 100             ; 100           ;
; Block Design Naming                                                        ; Auto            ; Auto          ;
; Synthesis Effort                                                           ; Auto            ; Auto          ;
; Shift Register Replacement - Allow Asynchronous Clear Signal               ; On              ; On            ;
; Analysis & Synthesis Message Level                                         ; Medium          ; Medium        ;
; Disable Register Merging Across Hierarchies                                ; Auto            ; Auto          ;
+----------------------------------------------------------------------------+-----------------+---------------+


Parallel compilation was disabled, but you have multiple processors available. Enable parallel compilation to reduce compilation time.
+-------------------------------------+
; Parallel Compilation                ;
+----------------------------+--------+
; Processors                 ; Number ;
+----------------------------+--------+
; Number detected on machine ; 16     ;
; Maximum allowed            ; 1      ;
+----------------------------+--------+


+------------------------------------------------------------------------------------------------------------------------------------------------------------------------------------------------------------------------------------------------------------------+
; Analysis & Synthesis Source Files Read                                                                                                                                                                                                                           ;
+----------------------------------+-----------------+-----------------+-------------------------------------------------------------------------------------------------------------------------------------------------------------------------------------------+
; File Name with User-Entered Path ; Used in Netlist ; File Type       ; File Name with Absolute Path                                                                                                                                                              ;
+----------------------------------+-----------------+-----------------+-------------------------------------------------------------------------------------------------------------------------------------------------------------------------------------------+
; P4_1.vhd                         ; yes             ; User VHDL File  ; C:/Users/mikel/OneDrive/Escritorio/Educación/Documentos de educación/Cosas educativas/Universidad/2o cuatrimestre/Computer Technology/Lab/Lab - Phase 4/vault-vhdl/Quartus Files/P4_1.vhd ;
; lpm_counter.tdf                  ; yes             ; Megafunction    ; c:/altera/91sp2/quartus/libraries/megafunctions/lpm_counter.tdf                                                                                                                           ;
+----------------------------------+-----------------+-----------------+-------------------------------------------------------------------------------------------------------------------------------------------------------------------------------------------+


+---------------------------------------------------------+
; Analysis & Synthesis Resource Usage Summary             ;
+----------------------+----------------------------------+
; Resource             ; Usage                            ;
+----------------------+----------------------------------+
; Logic cells          ; 5                                ;
; Total registers      ; 4                                ;
; I/O pins             ; 9                                ;
; Maximum fan-out node ; lpm_counter:Cuenta_rtl_0|dffs[0] ;
; Maximum fan-out      ; 5                                ;
; Total fan-out        ; 31                               ;
; Average fan-out      ; 2.21                             ;
+----------------------+----------------------------------+


+---------------------------------------------------------------------------------------------------+
; Analysis & Synthesis Resource Utilization by Entity                                               ;
+-------------------------------+------------+------+--------------------------------+--------------+
; Compilation Hierarchy Node    ; Macrocells ; Pins ; Full Hierarchy Name            ; Library Name ;
+-------------------------------+------------+------+--------------------------------+--------------+
; |P4_1                         ; 5          ; 9    ; |P4_1                          ; work         ;
;    |lpm_counter:Cuenta_rtl_0| ; 4          ; 0    ; |P4_1|lpm_counter:Cuenta_rtl_0 ; work         ;
+-------------------------------+------------+------+--------------------------------+--------------+


+-------------------------------------------------+
; Source assignments for lpm_counter:Cuenta_rtl_0 ;
+---------------------------+-------+------+------+
; Assignment                ; Value ; From ; To   ;
+---------------------------+-------+------+------+
; SUPPRESS_DA_RULE_INTERNAL ; a101  ; -    ; -    ;
; SUPPRESS_DA_RULE_INTERNAL ; s102  ; -    ; -    ;
; SUPPRESS_DA_RULE_INTERNAL ; s103  ; -    ; -    ;
+---------------------------+-------+------+------+


+---------------------------------------------------------------------------+
; Parameter Settings for Inferred Entity Instance: lpm_counter:Cuenta_rtl_0 ;
+------------------------+-------------------+------------------------------+
; Parameter Name         ; Value             ; Type                         ;
+------------------------+-------------------+------------------------------+
; AUTO_CARRY_CHAINS      ; ON                ; AUTO_CARRY                   ;
; IGNORE_CARRY_BUFFERS   ; OFF               ; IGNORE_CARRY                 ;
; AUTO_CASCADE_CHAINS    ; ON                ; AUTO_CASCADE                 ;
; IGNORE_CASCADE_BUFFERS ; OFF               ; IGNORE_CASCADE               ;
; LPM_WIDTH              ; 4                 ; Untyped                      ;
; LPM_DIRECTION          ; DEFAULT           ; Untyped                      ;
; LPM_MODULUS            ; 0                 ; Untyped                      ;
; LPM_AVALUE             ; UNUSED            ; Untyped                      ;
; LPM_SVALUE             ; UNUSED            ; Untyped                      ;
; LPM_PORT_UPDOWN        ; PORT_CONNECTIVITY ; Untyped                      ;
; DEVICE_FAMILY          ; MAX7000S          ; Untyped                      ;
; CARRY_CHAIN            ; MANUAL            ; Untyped                      ;
; CARRY_CHAIN_LENGTH     ; 48                ; CARRY_CHAIN_LENGTH           ;
; NOT_GATE_PUSH_BACK     ; ON                ; NOT_GATE_PUSH_BACK           ;
; CARRY_CNT_EN           ; SMART             ; Untyped                      ;
; LABWIDE_SCLR           ; ON                ; Untyped                      ;
; USE_NEW_VERSION        ; TRUE              ; Untyped                      ;
; CBXI_PARAMETER         ; NOTHING           ; Untyped                      ;
+------------------------+-------------------+------------------------------+
Note: In order to hide this table in the UI and the text report file, please set the "Show Parameter Settings Tables in Synthesis Report" option in "Analysis and Synthesis Settings -> More Settings" to "Off".


+-------------------------------+
; Analysis & Synthesis Messages ;
+-------------------------------+
Info: *******************************************************************
Info: Running Quartus II Analysis & Synthesis
    Info: Version 9.1 Build 350 03/24/2010 Service Pack 2 SJ Web Edition
    Info: Processing started: Thu May 13 12:32:56 2021
Info: Command: quartus_map --read_settings_files=on --write_settings_files=off P4_1 -c P4_1
Info: Found 2 design units, including 1 entities, in source file p4_1.vhd
    Info: Found design unit 1: P4_1-practica
    Info: Found entity 1: P4_1
Info: Elaborating entity "P4_1" for the top level hierarchy
Info: Inferred 1 megafunctions from design logic
    Info: Inferred lpm_counter megafunction (LPM_WIDTH=4) from the following logic: "Cuenta[0]~0"
Info: Elaborated megafunction instantiation "lpm_counter:Cuenta_rtl_0"
Info: Instantiated megafunction "lpm_counter:Cuenta_rtl_0" with the following parameter:
    Info: Parameter "LPM_WIDTH" = "4"
    Info: Parameter "LPM_DIRECTION" = "UNUSED"
    Info: Parameter "LPM_TYPE" = "LPM_COUNTER"
Info: Promoted pin-driven signal(s) to global signal
    Info: Promoted clock signal driven by pin "CLK" to global clock signal
Info: Implemented 14 device resources after synthesis - the final resource count might be different
    Info: Implemented 4 input pins
    Info: Implemented 5 output pins
    Info: Implemented 5 macrocells
Info: Quartus II Analysis & Synthesis was successful. 0 errors, 0 warnings
    Info: Peak virtual memory: 238 megabytes
    Info: Processing ended: Thu May 13 12:32:59 2021
    Info: Elapsed time: 00:00:03
    Info: Total CPU time (on all processors): 00:00:02


